12:33:12 - Current ProcessID = 19420
12:33:12 - 311 services returned by ServiceController
12:33:12 - Found service AdobeARMservice status = Running
12:33:12 - Service AdobeARMservice PID = 5124
12:33:12 - My parent processId = 21524
12:33:12 - Found service AdskLicensingService status = Stopped
12:33:12 - Found service AdskNLM status = Stopped
12:33:12 - Found service ALG status = Stopped
12:33:12 - Found service AppIDSvc status = Stopped
12:33:12 - Found service Appinfo status = Running
12:33:12 - Service Appinfo PID = 11224
12:33:12 - Found service AppReadiness status = Stopped
12:33:12 - Found service AppXSvc status = Running
12:33:12 - Service AppXSvc PID = 22172
12:33:12 - Found service ApxSvc status = Stopped
12:33:12 - Found service AudioEndpointBuilder status = Running
12:33:12 - Service AudioEndpointBuilder PID = 3708
12:33:12 - Found service Audiosrv status = Running
12:33:12 - Service Audiosrv PID = 3792
12:33:12 - Found service Autodesk Access Service Host status = Stopped
12:33:12 - Found service autotimesvc status = Stopped
12:33:12 - Found service AxInstSV status = Stopped
12:33:12 - Found service battlenet_helpersvc status = Stopped
12:33:12 - Found service BDESVC status = Stopped
12:33:12 - Found service BEService status = Stopped
12:33:12 - Found service BFE status = Running
12:33:12 - Service BFE PID = 4536
12:33:12 - Found service BITS status = Stopped
12:33:12 - Found service BrokerInfrastructure status = Running
12:33:12 - Service BrokerInfrastructure PID = 1808
12:33:12 - Found service BTAGService status = Running
12:33:12 - Service BTAGService PID = 8868
12:33:12 - Found service BthAvctpSvc status = Running
12:33:12 - Service BthAvctpSvc PID = 8948
12:33:12 - Found service bthserv status = Running
12:33:12 - Service bthserv PID = 2648
12:33:12 - Found service camsvc status = Running
12:33:12 - Service camsvc PID = 6972
12:33:12 - Found service CDPSvc status = Running
12:33:12 - Service CDPSvc PID = 10688
12:33:12 - Found service CertPropSvc status = Running
12:33:12 - Service CertPropSvc PID = 5140
12:33:12 - Found service ClickToRunSvc status = Running
12:33:12 - Service ClickToRunSvc PID = 5644
12:33:12 - Found service ClipSVC status = Stopped
12:33:12 - Found service com.docker.service status = Stopped
12:33:12 - Found service COMSysApp status = Stopped
12:33:12 - Found service CoreMessagingRegistrar status = Running
12:33:12 - Service CoreMessagingRegistrar PID = 2108
12:33:12 - Found service CryptSvc status = Running
12:33:12 - Service CryptSvc PID = 5208
12:33:12 - Found service DcomLaunch status = Running
12:33:12 - Service DcomLaunch PID = 1808
12:33:12 - Found service dcsvc status = Stopped
12:33:12 - Found service defragsvc status = Stopped
12:33:12 - Found service DeviceAssociationService status = Running
12:33:12 - Service DeviceAssociationService PID = 4892
12:33:12 - Found service DeviceInstall status = Running
12:33:12 - Service DeviceInstall PID = 8316
12:33:12 - Found service DevQueryBroker status = Stopped
12:33:12 - Found service Dhcp status = Running
12:33:12 - Service Dhcp PID = 3852
12:33:12 - Found service diagsvc status = Stopped
12:33:12 - Found service DiagTrack status = Running
12:33:12 - Service DiagTrack PID = 5176
12:33:12 - Found service DispBrokerDesktopSvc status = Running
12:33:12 - Service DispBrokerDesktopSvc PID = 3360
12:33:12 - Found service DisplayEnhancementService status = Running
12:33:12 - Service DisplayEnhancementService PID = 19184
12:33:12 - Found service DmEnrollmentSvc status = Stopped
12:33:12 - Found service dmwappushservice status = Stopped
12:33:12 - Found service Dnscache status = Running
12:33:12 - Service Dnscache PID = 2788
12:33:12 - Found service DoSvc status = Running
12:33:12 - Service DoSvc PID = 23100
12:33:12 - Found service dot3svc status = Stopped
12:33:12 - Found service DPS status = Running
12:33:12 - Service DPS PID = 5164
12:33:12 - Found service DsmSvc status = Stopped
12:33:12 - Found service DsSvc status = Running
12:33:12 - Service DsSvc PID = 25916
12:33:12 - Found service DusmSvc status = Running
12:33:12 - Service DusmSvc PID = 4104
12:33:12 - Found service EapHost status = Stopped
12:33:12 - Found service edgeupdate status = Stopped
12:33:12 - Found service edgeupdatem status = Stopped
12:33:12 - Found service EFS status = Stopped
12:33:12 - Found service embeddedmode status = Stopped
12:33:12 - Found service EntAppSvc status = Stopped
12:33:12 - Found service EpicOnlineServices status = Stopped
12:33:12 - Found service EventLog status = Running
12:33:12 - Service EventLog PID = 2996
12:33:12 - Found service EventSystem status = Running
12:33:12 - Service EventSystem PID = 3368
12:33:12 - Found service fdPHost status = Running
12:33:12 - Service fdPHost PID = 10228
12:33:12 - Found service FDResPub status = Running
12:33:12 - Service FDResPub PID = 8964
12:33:12 - Found service fhsvc status = Stopped
12:33:12 - Found service FlexNet Licensing Service 64 status = Stopped
12:33:12 - Found service FontCache status = Running
12:33:12 - Service FontCache PID = 3700
12:33:12 - Found service FontCache3.0.0.0 status = Stopped
12:33:12 - Found service FrameServer status = Stopped
12:33:12 - Found service FrameServerMonitor status = Stopped
12:33:12 - Found service FvSvc status = Stopped
12:33:12 - Found service GameInputSvc status = Stopped
12:33:12 - Found service GamingServices status = Running
12:33:12 - Service GamingServices PID = 5004
12:33:12 - Found service GamingServicesNet status = Running
12:33:12 - Service GamingServicesNet PID = 6232
12:33:12 - Found service GoogleChromeElevationService status = Stopped
12:33:12 - Found service GoogleUpdaterInternalService138.0.7156.0 status = Stopped
12:33:12 - Found service GoogleUpdaterService138.0.7156.0 status = Stopped
12:33:12 - Found service gpsvc status = Running
12:33:12 - Service gpsvc PID = 13820
12:33:12 - Found service GraphicsPerfSvc status = Stopped
12:33:12 - Found service gupdate status = Stopped
12:33:12 - Found service gupdatem status = Stopped
12:33:12 - Found service hidserv status = Running
12:33:12 - Service hidserv PID = 2320
12:33:12 - Found service hns status = Running
12:33:12 - Service hns PID = 2936
12:33:12 - Found service hpatchmon status = Stopped
12:33:12 - Found service HvHost status = Running
12:33:12 - Service HvHost PID = 1732
12:33:12 - Found service icssvc status = Stopped
12:33:12 - Found service IKEEXT status = Stopped
12:33:12 - Found service InstallService status = Running
12:33:12 - Service InstallService PID = 8824
12:33:12 - Found service Intel(R) Platform License Manager Service status = Stopped
12:33:12 - Found service InventorySvc status = Stopped
12:33:12 - Found service iphlpsvc status = Running
12:33:12 - Service iphlpsvc PID = 5156
12:33:12 - Found service IpOverUsbSvc status = Running
12:33:12 - Service IpOverUsbSvc PID = 5148
12:33:12 - Found service IpxlatCfgSvc status = Stopped
12:33:12 - Found service jhi_service status = Running
12:33:12 - Service jhi_service PID = 5220
12:33:12 - Found service KeyIso status = Running
12:33:12 - Service KeyIso PID = 1604
12:33:12 - Found service KtmRm status = Stopped
12:33:12 - Found service LanmanServer status = Running
12:33:12 - Service LanmanServer PID = 6812
12:33:12 - Found service LanmanWorkstation status = Running
12:33:12 - Service LanmanWorkstation PID = 5024
12:33:12 - Found service lfsvc status = Running
12:33:12 - Service lfsvc PID = 17260
12:33:12 - Found service LicenseManager status = Running
12:33:12 - Service LicenseManager PID = 7812
12:33:12 - Found service LightKeeperService status = Stopped
12:33:12 - Found service lltdsvc status = Stopped
12:33:12 - Found service lmhosts status = Running
12:33:12 - Service lmhosts PID = 12332
12:33:12 - Found service LocalKdc status = Stopped
12:33:12 - Found service LSM status = Running
12:33:12 - Service LSM PID = NULL
12:33:12 - Found service LxpSvc status = Stopped
12:33:12 - Found service MapsBroker status = Stopped
12:33:12 - Found service McAfee WebAdvisor status = Stopped
12:33:12 - Found service McmSvc status = Stopped
12:33:12 - Found service McpManagementService status = Stopped
12:33:12 - Found service MDCoreSvc status = Running
12:33:12 - Service MDCoreSvc PID = 5336
12:33:12 - Found service MicrosoftEdgeElevationService status = Stopped
12:33:12 - Found service mpssvc status = Running
12:33:12 - Service mpssvc PID = 4536
12:33:12 - Found service MSDTC status = Stopped
12:33:12 - Found service MSiSCSI status = Stopped
12:33:12 - Found service msiserver status = Stopped
12:33:12 - Found service MSI_Case_Service status = Stopped
12:33:12 - Found service MSI_Center_Service status = Stopped
12:33:12 - Found service MSI_VoiceControl_Service status = Stopped
12:33:12 - Found service MSSQLSERVER status = Running
12:33:12 - Service MSSQLSERVER PID = 10644
12:33:12 - Found service Mystic_Light_Service status = Stopped
12:33:12 - Found service NaturalAuthentication status = Stopped
12:33:12 - Found service NcaSvc status = Stopped
12:33:12 - Found service NcbService status = Running
12:33:12 - Service NcbService PID = 2144
12:33:12 - Found service NcdAutoSetup status = Running
12:33:12 - Service NcdAutoSetup PID = 10224
12:33:12 - Found service Netlogon status = Stopped
12:33:12 - Found service Netman status = Stopped
12:33:12 - Found service netprofm status = Running
12:33:12 - Service netprofm PID = 2532
12:33:12 - Found service NetSetupSvc status = Stopped
12:33:12 - Found service NetTcpPortSharing status = Stopped
12:33:12 - Found service NgcCtnrSvc status = Running
12:33:12 - Service NgcCtnrSvc PID = 7684
12:33:12 - Found service NgcSvc status = Running
12:33:12 - Service NgcSvc PID = 20212
12:33:12 - Found service NlaSvc status = Stopped
12:33:12 - Found service npggsvc status = Stopped
12:33:12 - Found service nsi status = Running
12:33:12 - Service nsi PID = 2376
12:33:12 - Found service nvagent status = Running
12:33:12 - Service nvagent PID = 4472
12:33:12 - Found service NvContainerLocalSystem status = Running
12:33:12 - Service NvContainerLocalSystem PID = 5132
12:33:12 - Found service NVDisplay.ContainerLocalSystem status = Running
12:33:12 - Service NVDisplay.ContainerLocalSystem PID = 2964
12:33:12 - Found service OpcEnum status = Stopped
12:33:12 - Found service PcaSvc status = Running
12:33:12 - Service PcaSvc PID = 12104
12:33:12 - Found service perceptionsimulation status = Stopped
12:33:12 - Found service PerfHost status = Stopped
12:33:12 - Found service PhoneSvc status = Stopped
12:33:12 - Found service pla status = Stopped
12:33:12 - Found service PlugPlay status = Running
12:33:12 - Service PlugPlay PID = 1808
12:33:12 - Found service PolicyAgent status = Running
12:33:12 - Service PolicyAgent PID = 1560
12:33:12 - Found service Power status = Running
12:33:12 - Service Power PID = 1808
12:33:12 - Found service PrintDeviceConfigurationService status = Stopped
12:33:12 - Found service PrintNotify status = Stopped
12:33:12 - Found service PrintScanBrokerService status = Stopped
12:33:12 - Found service ProfSvc status = Running
12:33:12 - Service ProfSvc PID = 2160
12:33:12 - Found service PushToInstall status = Stopped
12:33:12 - Found service QWAVE status = Stopped
12:33:12 - Found service RasAuto status = Stopped
12:33:12 - Found service RasMan status = Running
12:33:12 - Service RasMan PID = 17444
12:33:12 - Found service Razer Chroma SDK Server status = Stopped
12:33:12 - Found service Razer Chroma SDK Service status = Stopped
12:33:12 - Found service Razer Chroma Stream Server status = Stopped
12:33:12 - Found service Razer Elevation Service status = Stopped
12:33:12 - Found service Razer Game Manager Service 3 status = Stopped
12:33:12 - Found service refsdedupsvc status = Stopped
12:33:12 - Found service RemoteAccess status = Stopped
12:33:12 - Found service RemoteRegistry status = Stopped
12:33:12 - Found service RetailDemo status = Stopped
12:33:12 - Found service RichVideo64 status = Stopped
12:33:12 - Found service RmSvc status = Running
12:33:12 - Service RmSvc PID = 6740
12:33:12 - Found service RpcEptMapper status = Running
12:33:12 - Service RpcEptMapper PID = 1936
12:33:12 - Found service RpcLocator status = Stopped
12:33:12 - Found service RpcSs status = Running
12:33:12 - Service RpcSs PID = 1936
12:33:12 - Found service RtkAudioUniversalService status = Running
12:33:12 - Service RtkAudioUniversalService PID = 27500
12:33:12 - Found service RzActionSvc status = Stopped
12:33:12 - Found service SamSs status = Running
12:33:12 - Service SamSs PID = 1604
12:33:12 - Found service SCardSvr status = Stopped
12:33:12 - Found service ScDeviceEnum status = Stopped
12:33:12 - Found service Schedule status = Running
12:33:12 - Service Schedule PID = 2136
12:33:12 - Found service SCPolicySvc status = Stopped
12:33:12 - Found service SDRSVC status = Stopped
12:33:12 - Found service seclogon status = Stopped
12:33:12 - Found service SecurityHealthService status = Running
12:33:12 - Service SecurityHealthService PID = 13288
12:33:12 - Found service SEMgrSvc status = Stopped
12:33:12 - Found service SENS status = Running
12:33:12 - Service SENS PID = 3632
12:33:12 - Found service SensorDataService status = Stopped
12:33:12 - Found service SensorService status = Stopped
12:33:12 - Found service SensrSvc status = Stopped
12:33:12 - Found service SessionEnv status = Stopped
12:33:12 - Found service SharedAccess status = Running
12:33:12 - Service SharedAccess PID = 4852
12:33:12 - Found service ShellHWDetection status = Running
12:33:12 - Service ShellHWDetection PID = 4416
12:33:12 - Found service shpamsvc status = Stopped
12:33:12 - Found service smphost status = Stopped
12:33:12 - Found service SmsRouter status = Stopped
12:33:12 - Found service SNMPTrap status = Stopped
12:33:12 - Found service Spooler status = Running
12:33:12 - Service Spooler PID = 4712
12:33:12 - Found service sppsvc status = Running
12:33:12 - Service sppsvc PID = 9196
12:33:12 - Found service SQLBrowser status = Stopped
12:33:12 - Found service SQLSERVERAGENT status = Stopped
12:33:12 - Found service SQLTELEMETRY status = Running
12:33:12 - Service SQLTELEMETRY PID = 9256
12:33:12 - Found service SQLWriter status = Running
12:33:12 - Service SQLWriter PID = 5328
12:33:12 - Found service SSDPSRV status = Running
12:33:12 - Service SSDPSRV PID = 8176
12:33:12 - Found service ssh-agent status = Stopped
12:33:12 - Found service SstpSvc status = Running
12:33:12 - Service SstpSvc PID = 18440
12:33:12 - Found service StateRepository status = Running
12:33:12 - Service StateRepository PID = 2816
12:33:12 - Found service Steam Client Service status = Stopped
12:33:12 - Found service StiSvc status = Running
12:33:12 - Service StiSvc PID = 5228
12:33:12 - Found service StorSvc status = Running
12:33:12 - Service StorSvc PID = 2388
12:33:12 - Found service svsvc status = Stopped
12:33:12 - Found service SwitchBoard status = Stopped
12:33:12 - Found service swprv status = Stopped
12:33:12 - Found service SysMain status = Running
12:33:12 - Service SysMain PID = 3344
12:33:12 - Found service SystemEventsBroker status = Running
12:33:12 - Service SystemEventsBroker PID = 1808
12:33:12 - Found service TapiSrv status = Running
12:33:12 - Service TapiSrv PID = 18204
12:33:12 - Found service TeamViewer status = Stopped
12:33:12 - Found service TermService status = Stopped
12:33:12 - Found service TextInputManagementService status = Running
12:33:12 - Service TextInputManagementService PID = 3824
12:33:12 - Found service Themes status = Running
12:33:12 - Service Themes PID = 3352
12:33:12 - Found service TieringEngineService status = Stopped
12:33:12 - Found service TimeBrokerSvc status = Running
12:33:12 - Service TimeBrokerSvc PID = 2152
12:33:12 - Found service TokenBroker status = Running
12:33:12 - Service TokenBroker PID = 6736
12:33:12 - Found service TrkWks status = Running
12:33:12 - Service TrkWks PID = 5204
12:33:12 - Found service TroubleshootingSvc status = Stopped
12:33:12 - Found service TrustedInstaller status = Stopped
12:33:12 - Found service tzautoupdate status = Stopped
12:33:12 - Found service UmRdpService status = Stopped
12:33:12 - Found service upnphost status = Stopped
12:33:12 - Found service UserManager status = Running
12:33:12 - Service UserManager PID = 2308
12:33:12 - Found service UsoSvc status = Running
12:33:12 - Service UsoSvc PID = 19336
12:33:12 - Found service VaultSvc status = Running
12:33:12 - Service VaultSvc PID = 1604
12:33:12 - Found service vds status = Stopped
12:33:12 - Found service vgc status = Stopped
12:33:12 - Found service vmcompute status = Running
12:33:12 - Service vmcompute PID = 18588
12:33:12 - Found service vmicguestinterface status = Stopped
12:33:12 - Found service vmicheartbeat status = Stopped
12:33:12 - Found service vmickvpexchange status = Stopped
12:33:12 - Found service vmicrdv status = Stopped
12:33:12 - Found service vmicshutdown status = Stopped
12:33:12 - Found service vmictimesync status = Stopped
12:33:12 - Found service vmicvmsession status = Stopped
12:33:12 - Found service vmicvss status = Stopped
12:33:12 - Found service VSInstallerElevationService status = Stopped
12:33:12 - Found service VSS status = Stopped
12:33:12 - Found service VSStandardCollectorService150 status = Stopped
12:33:12 - Found service W32Time status = Stopped
12:33:12 - Found service WaaSMedicSvc status = Stopped
12:33:12 - Found service WalletService status = Stopped
12:33:12 - Found service WarpJITSvc status = Stopped
12:33:12 - Found service wbengine status = Stopped
12:33:12 - Found service WbioSrvc status = Stopped
12:33:12 - Found service Wcmsvc status = Running
12:33:12 - Service Wcmsvc PID = 4252
12:33:12 - Found service wcncsvc status = Stopped
12:33:12 - Found service WdiServiceHost status = Running
12:33:12 - Service WdiServiceHost PID = 6944
12:33:12 - Found service WdiSystemHost status = Running
12:33:12 - Service WdiSystemHost PID = 21632
12:33:12 - Found service WdNisSvc status = Running
12:33:12 - Service WdNisSvc PID = 9636
12:33:12 - Found service WebClient status = Running
12:33:12 - Service WebClient PID = 5796
12:33:12 - Found service webthreatdefsvc status = Running
12:33:12 - Service webthreatdefsvc PID = 16076
12:33:12 - Found service Wecsvc status = Stopped
12:33:12 - Found service WEPHOSTSVC status = Stopped
12:33:12 - Found service wercplsupport status = Stopped
12:33:12 - Found service WerSvc status = Stopped
12:33:12 - Found service WFDSConMgrSvc status = Stopped
12:33:12 - Found service whesvc status = Running
12:33:12 - Service whesvc PID = 4480
12:33:12 - Found service WiaRpc status = Stopped
12:33:12 - Found service WinDefend status = Running
12:33:12 - Service WinDefend PID = 5296
12:33:12 - Found service WinHttpAutoProxySvc status = Running
12:33:12 - Service WinHttpAutoProxySvc PID = 4188
12:33:12 - Found service Winmgmt status = Running
12:33:12 - Service Winmgmt PID = 3536
12:33:12 - Found service WinRM status = Stopped
12:33:12 - Found service wisvc status = Stopped
12:33:12 - Found service WlanSvc status = Running
12:33:12 - Service WlanSvc PID = 4384
12:33:12 - Found service wlidsvc status = Stopped
12:33:12 - Found service wlpasvc status = Stopped
12:33:12 - Found service WManSvc status = Stopped
12:33:12 - Found service wmiApSrv status = Stopped
12:33:12 - Found service WMIRegistrationService status = Running
12:33:12 - Service WMIRegistrationService PID = 5364
12:33:12 - Found service WMPNetworkSvc status = Stopped
12:33:12 - Found service workfolderssvc status = Stopped
12:33:12 - Found service WpcMonSvc status = Stopped
12:33:12 - Found service WPDBusEnum status = Stopped
12:33:12 - Found service WpnService status = Running
12:33:12 - Service WpnService PID = 5184
12:33:12 - Found service WSAIFabricSvc status = Running
12:33:12 - Service WSAIFabricSvc PID = 5244
12:33:12 - Found service wscsvc status = Running
12:33:13 - Service wscsvc PID = 7224
12:33:13 - Found service WSearch status = Running
12:33:13 - Service WSearch PID = 14300
12:33:13 - Found service WslInstaller status = Stopped
12:33:13 - Found service WSLService status = Running
12:33:13 - Service WSLService PID = 5280
12:33:13 - Found service wuauserv status = Stopped
12:33:13 - Found service WwanSvc status = Stopped
12:33:13 - Found service XblAuthManager status = Stopped
12:33:13 - Found service XblGameSave status = Stopped
12:33:13 - Found service XboxGipSvc status = Stopped
12:33:13 - Found service XboxNetApiSvc status = Stopped
12:33:13 - Found service AarSvc_c13ee71d status = Stopped
12:33:13 - Found service BcastDVRUserService_c13ee71d status = Stopped
12:33:13 - Found service BluetoothUserService_c13ee71d status = Running
12:33:13 - Service BluetoothUserService_c13ee71d PID = 23396
12:33:13 - Found service CaptureService_c13ee71d status = Stopped
12:33:13 - Found service cbdhsvc_c13ee71d status = Running
12:33:13 - Service cbdhsvc_c13ee71d PID = 27644
12:33:13 - Found service CDPUserSvc_c13ee71d status = Running
12:33:13 - Service CDPUserSvc_c13ee71d PID = 6776
12:33:13 - Found service CloudBackupRestoreSvc_c13ee71d status = Stopped
12:33:13 - Found service ConsentUxUserSvc_c13ee71d status = Stopped
12:33:13 - Found service CredentialEnrollmentManagerUserSvc_c13ee71d status = Stopped
12:33:13 - Found service DeviceAssociationBrokerSvc_c13ee71d status = Stopped
12:33:13 - Found service DevicePickerUserSvc_c13ee71d status = Stopped
12:33:13 - Found service DevicesFlowUserSvc_c13ee71d status = Running
12:33:13 - Service DevicesFlowUserSvc_c13ee71d PID = 24056
12:33:13 - Found service MessagingService_c13ee71d status = Stopped
12:33:13 - Found service NPSMSvc_c13ee71d status = Running
12:33:13 - Service NPSMSvc_c13ee71d PID = 26324
12:33:13 - Found service OneSyncSvc_c13ee71d status = Running
12:33:13 - Service OneSyncSvc_c13ee71d PID = 14456
12:33:13 - Found service P9RdrService_c13ee71d status = Stopped
12:33:13 - Found service PenService_c13ee71d status = Stopped
12:33:13 - Found service PimIndexMaintenanceSvc_c13ee71d status = Running
12:33:13 - Service PimIndexMaintenanceSvc_c13ee71d PID = 14456
12:33:13 - Found service PrintWorkflowUserSvc_c13ee71d status = Stopped
12:33:13 - Found service UdkUserSvc_c13ee71d status = Running
12:33:13 - Service UdkUserSvc_c13ee71d PID = 12748
12:33:13 - Found service UnistoreSvc_c13ee71d status = Running
12:33:13 - Service UnistoreSvc_c13ee71d PID = 14456
12:33:13 - Found service UserDataSvc_c13ee71d status = Running
12:33:13 - Service UserDataSvc_c13ee71d PID = 14456
12:33:13 - Found service webthreatdefusersvc_c13ee71d status = Running
12:33:13 - Service webthreatdefusersvc_c13ee71d PID = 22032
12:33:13 - Found service WpnUserService_c13ee71d status = Running
12:33:13 - Service WpnUserService_c13ee71d PID = 16012
12:33:13 - Found service MongoDB status = Running
12:33:13 - Service MongoDB PID = 14660
